<?xml version="1.0" encoding="UTF-8"?>
<coverage generated="1701643831042" clover="3.2.0">
  <project timestamp="1701643831042" name="All files">
    <metrics statements="44" coveredstatements="22" conditionals="39" coveredconditionals="35" methods="6" coveredmethods="2" elements="89" coveredelements="59" complexity="0" loc="44" ncloc="44" packages="1" files="2" classes="2"/>
    <file name="tasks-services.js" path="/home/sanner/Coding/School/csc_307/todo_list/todolist/express-backend/models/tasks-services.js">
      <metrics statements="42" coveredstatements="20" conditionals="39" coveredconditionals="35" methods="6" coveredmethods="2"/>
      <line num="7" count="1" type="stmt"/>
      <line num="10" count="1" type="stmt"/>
      <line num="12" count="1" type="stmt"/>
      <line num="17" count="0" type="stmt"/>
      <line num="23" count="7" type="cond" truecount="7" falsecount="0"/>
      <line num="24" count="2" type="stmt"/>
      <line num="26" count="5" type="cond" truecount="7" falsecount="0"/>
      <line num="27" count="1" type="stmt"/>
      <line num="29" count="4" type="cond" truecount="7" falsecount="0"/>
      <line num="30" count="1" type="stmt"/>
      <line num="32" count="3" type="cond" truecount="7" falsecount="0"/>
      <line num="33" count="1" type="stmt"/>
      <line num="35" count="2" type="cond" truecount="7" falsecount="0"/>
      <line num="36" count="1" type="stmt"/>
      <line num="38" count="1" type="stmt"/>
      <line num="42" count="0" type="stmt"/>
      <line num="43" count="0" type="stmt"/>
      <line num="45" count="0" type="stmt"/>
      <line num="46" count="0" type="stmt"/>
      <line num="55" count="2" type="stmt"/>
      <line num="56" count="2" type="stmt"/>
      <line num="57" count="2" type="stmt"/>
      <line num="58" count="1" type="stmt"/>
      <line num="60" count="1" type="stmt"/>
      <line num="61" count="1" type="stmt"/>
      <line num="68" count="0" type="stmt"/>
      <line num="69" count="0" type="stmt"/>
      <line num="70" count="0" type="stmt"/>
      <line num="72" count="0" type="stmt"/>
      <line num="73" count="0" type="stmt"/>
      <line num="80" count="0" type="stmt"/>
      <line num="81" count="0" type="cond" truecount="0" falsecount="4"/>
      <line num="82" count="0" type="stmt"/>
      <line num="86" count="0" type="stmt"/>
      <line num="88" count="0" type="stmt"/>
      <line num="89" count="0" type="stmt"/>
      <line num="90" count="0" type="stmt"/>
      <line num="91" count="0" type="stmt"/>
      <line num="94" count="0" type="stmt"/>
      <line num="95" count="0" type="stmt"/>
      <line num="97" count="0" type="stmt"/>
      <line num="98" count="0" type="stmt"/>
    </file>
    <file name="tasks.js" path="/home/sanner/Coding/School/csc_307/todo_list/todolist/express-backend/models/tasks.js">
      <metrics statements="2" coveredstatements="2" conditionals="0" coveredconditionals="0" methods="0" coveredmethods="0"/>
      <line num="3" count="1" type="stmt"/>
      <line num="5" count="1" type="stmt"/>
    </file>
  </project>
</coverage>
