{"/home/sanner/Coding/School/csc_307/todo_list/todolist/express-backend/models/tasks-services.js": {"path":"/home/sanner/Coding/School/csc_307/todo_list/todolist/express-backend/models/tasks-services.js","statementMap":{"0":{"start":{"line":7,"column":0},"end":{"line":7,"column":16}},"1":{"start":{"line":10,"column":0},"end":{"line":10,"column":28}},"2":{"start":{"line":12,"column":0},"end":{"line":17,"column":40}},"3":{"start":{"line":17,"column":20},"end":{"line":17,"column":38}},"4":{"start":{"line":23,"column":2},"end":{"line":25,"column":3}},"5":{"start":{"line":24,"column":4},"end":{"line":24,"column":56}},"6":{"start":{"line":26,"column":2},"end":{"line":28,"column":3}},"7":{"start":{"line":27,"column":4},"end":{"line":27,"column":56}},"8":{"start":{"line":29,"column":2},"end":{"line":31,"column":3}},"9":{"start":{"line":30,"column":4},"end":{"line":30,"column":56}},"10":{"start":{"line":32,"column":2},"end":{"line":34,"column":3}},"11":{"start":{"line":33,"column":4},"end":{"line":33,"column":56}},"12":{"start":{"line":35,"column":2},"end":{"line":37,"column":3}},"13":{"start":{"line":36,"column":4},"end":{"line":36,"column":56}},"14":{"start":{"line":38,"column":2},"end":{"line":38,"column":32}},"15":{"start":{"line":42,"column":2},"end":{"line":47,"column":3}},"16":{"start":{"line":43,"column":4},"end":{"line":43,"column":40}},"17":{"start":{"line":45,"column":4},"end":{"line":45,"column":23}},"18":{"start":{"line":46,"column":4},"end":{"line":46,"column":21}},"19":{"start":{"line":55,"column":2},"end":{"line":62,"column":3}},"20":{"start":{"line":56,"column":22},"end":{"line":56,"column":41}},"21":{"start":{"line":57,"column":22},"end":{"line":57,"column":44}},"22":{"start":{"line":58,"column":4},"end":{"line":58,"column":21}},"23":{"start":{"line":60,"column":4},"end":{"line":60,"column":23}},"24":{"start":{"line":61,"column":4},"end":{"line":61,"column":17}},"25":{"start":{"line":68,"column":2},"end":{"line":74,"column":3}},"26":{"start":{"line":69,"column":19},"end":{"line":69,"column":57}},"27":{"start":{"line":70,"column":4},"end":{"line":70,"column":18}},"28":{"start":{"line":72,"column":4},"end":{"line":72,"column":23}},"29":{"start":{"line":73,"column":4},"end":{"line":73,"column":17}},"30":{"start":{"line":80,"column":16},"end":{"line":80,"column":19}},"31":{"start":{"line":81,"column":2},"end":{"line":87,"column":3}},"32":{"start":{"line":82,"column":18},"end":{"line":85,"column":5}},"33":{"start":{"line":86,"column":4},"end":{"line":86,"column":24}},"34":{"start":{"line":88,"column":15},"end":{"line":88,"column":19}},"35":{"start":{"line":89,"column":2},"end":{"line":99,"column":3}},"36":{"start":{"line":90,"column":19},"end":{"line":90,"column":35}},"37":{"start":{"line":91,"column":19},"end":{"line":93,"column":5}},"38":{"start":{"line":94,"column":4},"end":{"line":94,"column":49}},"39":{"start":{"line":95,"column":4},"end":{"line":95,"column":18}},"40":{"start":{"line":97,"column":4},"end":{"line":97,"column":46}},"41":{"start":{"line":98,"column":4},"end":{"line":98,"column":17}}},"fnMap":{"0":{"name":"(anonymous_0)","decl":{"start":{"line":17,"column":9},"end":{"line":17,"column":10}},"loc":{"start":{"line":17,"column":20},"end":{"line":17,"column":38}},"line":17},"1":{"name":"getTasks","decl":{"start":{"line":19,"column":15},"end":{"line":19,"column":23}},"loc":{"start":{"line":19,"column":74},"end":{"line":39,"column":1}},"line":19},"2":{"name":"findTaskById","decl":{"start":{"line":41,"column":15},"end":{"line":41,"column":27}},"loc":{"start":{"line":41,"column":32},"end":{"line":48,"column":1}},"line":41},"3":{"name":"addTask","decl":{"start":{"line":54,"column":15},"end":{"line":54,"column":22}},"loc":{"start":{"line":54,"column":29},"end":{"line":63,"column":1}},"line":54},"4":{"name":"deleteTask","decl":{"start":{"line":67,"column":15},"end":{"line":67,"column":25}},"loc":{"start":{"line":67,"column":31},"end":{"line":75,"column":1}},"line":67},"5":{"name":"updateTask","decl":{"start":{"line":78,"column":15},"end":{"line":78,"column":25}},"loc":{"start":{"line":78,"column":47},"end":{"line":100,"column":1}},"line":78}},"branchMap":{"0":{"loc":{"start":{"line":23,"column":2},"end":{"line":25,"column":3}},"type":"if","locations":[{"start":{"line":23,"column":2},"end":{"line":25,"column":3}},{"start":{},"end":{}}],"line":23},"1":{"loc":{"start":{"line":23,"column":6},"end":{"line":23,"column":66}},"type":"binary-expr","locations":[{"start":{"line":23,"column":6},"end":{"line":23,"column":14}},{"start":{"line":23,"column":18},"end":{"line":23,"column":27}},{"start":{"line":23,"column":31},"end":{"line":23,"column":40}},{"start":{"line":23,"column":44},"end":{"line":23,"column":53}},{"start":{"line":23,"column":57},"end":{"line":23,"column":66}}],"line":23},"2":{"loc":{"start":{"line":26,"column":2},"end":{"line":28,"column":3}},"type":"if","locations":[{"start":{"line":26,"column":2},"end":{"line":28,"column":3}},{"start":{},"end":{}}],"line":26},"3":{"loc":{"start":{"line":26,"column":6},"end":{"line":26,"column":66}},"type":"binary-expr","locations":[{"start":{"line":26,"column":6},"end":{"line":26,"column":15}},{"start":{"line":26,"column":19},"end":{"line":26,"column":27}},{"start":{"line":26,"column":31},"end":{"line":26,"column":40}},{"start":{"line":26,"column":44},"end":{"line":26,"column":53}},{"start":{"line":26,"column":57},"end":{"line":26,"column":66}}],"line":26},"4":{"loc":{"start":{"line":29,"column":2},"end":{"line":31,"column":3}},"type":"if","locations":[{"start":{"line":29,"column":2},"end":{"line":31,"column":3}},{"start":{},"end":{}}],"line":29},"5":{"loc":{"start":{"line":29,"column":6},"end":{"line":29,"column":66}},"type":"binary-expr","locations":[{"start":{"line":29,"column":6},"end":{"line":29,"column":15}},{"start":{"line":29,"column":19},"end":{"line":29,"column":28}},{"start":{"line":29,"column":32},"end":{"line":29,"column":40}},{"start":{"line":29,"column":44},"end":{"line":29,"column":53}},{"start":{"line":29,"column":57},"end":{"line":29,"column":66}}],"line":29},"6":{"loc":{"start":{"line":32,"column":2},"end":{"line":34,"column":3}},"type":"if","locations":[{"start":{"line":32,"column":2},"end":{"line":34,"column":3}},{"start":{},"end":{}}],"line":32},"7":{"loc":{"start":{"line":32,"column":6},"end":{"line":32,"column":66}},"type":"binary-expr","locations":[{"start":{"line":32,"column":6},"end":{"line":32,"column":15}},{"start":{"line":32,"column":19},"end":{"line":32,"column":28}},{"start":{"line":32,"column":32},"end":{"line":32,"column":41}},{"start":{"line":32,"column":45},"end":{"line":32,"column":53}},{"start":{"line":32,"column":57},"end":{"line":32,"column":66}}],"line":32},"8":{"loc":{"start":{"line":35,"column":2},"end":{"line":37,"column":3}},"type":"if","locations":[{"start":{"line":35,"column":2},"end":{"line":37,"column":3}},{"start":{},"end":{}}],"line":35},"9":{"loc":{"start":{"line":35,"column":6},"end":{"line":35,"column":66}},"type":"binary-expr","locations":[{"start":{"line":35,"column":6},"end":{"line":35,"column":15}},{"start":{"line":35,"column":19},"end":{"line":35,"column":28}},{"start":{"line":35,"column":32},"end":{"line":35,"column":41}},{"start":{"line":35,"column":45},"end":{"line":35,"column":54}},{"start":{"line":35,"column":58},"end":{"line":35,"column":66}}],"line":35},"10":{"loc":{"start":{"line":81,"column":2},"end":{"line":87,"column":3}},"type":"if","locations":[{"start":{"line":81,"column":2},"end":{"line":87,"column":3}},{"start":{},"end":{}}],"line":81},"11":{"loc":{"start":{"line":81,"column":6},"end":{"line":81,"column":47}},"type":"binary-expr","locations":[{"start":{"line":81,"column":6},"end":{"line":81,"column":27}},{"start":{"line":81,"column":31},"end":{"line":81,"column":47}}],"line":81}},"s":{"0":1,"1":1,"2":1,"3":0,"4":7,"5":2,"6":5,"7":1,"8":4,"9":1,"10":3,"11":1,"12":2,"13":1,"14":1,"15":0,"16":0,"17":0,"18":0,"19":2,"20":2,"21":2,"22":1,"23":1,"24":1,"25":0,"26":0,"27":0,"28":0,"29":0,"30":0,"31":0,"32":0,"33":0,"34":0,"35":0,"36":0,"37":0,"38":0,"39":0,"40":0,"41":0},"f":{"0":0,"1":7,"2":0,"3":2,"4":0,"5":0},"b":{"0":[2,5],"1":[7,2,2,2,2],"2":[1,4],"3":[5,5,1,1,1],"4":[1,3],"5":[4,4,4,1,1],"6":[1,2],"7":[3,3,3,3,1],"8":[1,1],"9":[2,2,2,2,2],"10":[0,0],"11":[0,0]},"_coverageSchema":"1a1c01bbd47fc00a2c39e90264f33305004495a9","hash":"f641394e5babe944cba6d3e54df7f40716917d98"}
,"/home/sanner/Coding/School/csc_307/todo_list/todolist/express-backend/models/tasks.js": {"path":"/home/sanner/Coding/School/csc_307/todo_list/todolist/express-backend/models/tasks.js","statementMap":{"0":{"start":{"line":3,"column":19},"end":{"line":3,"column":27}},"1":{"start":{"line":5,"column":20},"end":{"line":41,"column":1}}},"fnMap":{},"branchMap":{},"s":{"0":1,"1":1},"f":{},"b":{},"_coverageSchema":"1a1c01bbd47fc00a2c39e90264f33305004495a9","hash":"8335798c0d8376cc396fe94f0d525b8c04364106"}
}
