TN:
SF:models/tasks-services.js
FN:17,(anonymous_0)
FN:19,getTasks
FN:41,findTaskById
FN:54,addTask
FN:67,deleteTask
FN:78,updateTask
FNF:6
FNH:2
FNDA:0,(anonymous_0)
FNDA:7,getTasks
FNDA:0,findTaskById
FNDA:2,addTask
FNDA:0,deleteTask
FNDA:0,updateTask
DA:7,1
DA:10,1
DA:12,1
DA:17,0
DA:23,7
DA:24,2
DA:26,5
DA:27,1
DA:29,4
DA:30,1
DA:32,3
DA:33,1
DA:35,2
DA:36,1
DA:38,1
DA:42,0
DA:43,0
DA:45,0
DA:46,0
DA:55,2
DA:56,2
DA:57,2
DA:58,1
DA:60,1
DA:61,1
DA:68,0
DA:69,0
DA:70,0
DA:72,0
DA:73,0
DA:80,0
DA:81,0
DA:82,0
DA:86,0
DA:88,0
DA:89,0
DA:90,0
DA:91,0
DA:94,0
DA:95,0
DA:97,0
DA:98,0
LF:42
LH:20
BRDA:23,0,0,2
BRDA:23,0,1,5
BRDA:23,1,0,7
BRDA:23,1,1,2
BRDA:23,1,2,2
BRDA:23,1,3,2
BRDA:23,1,4,2
BRDA:26,2,0,1
BRDA:26,2,1,4
BRDA:26,3,0,5
BRDA:26,3,1,5
BRDA:26,3,2,1
BRDA:26,3,3,1
BRDA:26,3,4,1
BRDA:29,4,0,1
BRDA:29,4,1,3
BRDA:29,5,0,4
BRDA:29,5,1,4
BRDA:29,5,2,4
BRDA:29,5,3,1
BRDA:29,5,4,1
BRDA:32,6,0,1
BRDA:32,6,1,2
BRDA:32,7,0,3
BRDA:32,7,1,3
BRDA:32,7,2,3
BRDA:32,7,3,3
BRDA:32,7,4,1
BRDA:35,8,0,1
BRDA:35,8,1,1
BRDA:35,9,0,2
BRDA:35,9,1,2
BRDA:35,9,2,2
BRDA:35,9,3,2
BRDA:35,9,4,2
BRDA:81,10,0,0
BRDA:81,10,1,0
BRDA:81,11,0,0
BRDA:81,11,1,0
BRF:39
BRH:35
end_of_record
TN:
SF:models/tasks.js
FNF:0
FNH:0
DA:3,1
DA:5,1
LF:2
LH:2
BRF:0
BRH:0
end_of_record
